<?xml version="1.0" encoding="UTF-8"?>
<!-- Generated by org.testng.reporters.JUnitReportReporter -->
<testsuite hostname="admin.home" failures="0" tests="1" name="com.dograworld.selenium.Jason.ReadJason" time="5.291" errors="0" timestamp="20 May 2019 17:46:32 GMT" skipped="0">
  <testcase classname="com.dograworld.selenium.Jason.ReadJason" name="testSearch" time="5.291"/>
</testsuite> <!-- com.dograworld.selenium.Jason.ReadJason -->
