<?xml version="1.0" encoding="UTF-8"?>
<!-- Generated by org.testng.reporters.JUnitReportReporter -->
<testsuite hostname="admin.home" failures="0" tests="1" name="com.dograworld.selenium.TestSelenium.ApplicationTest" time="0.019" errors="0" timestamp="20 Mar 2019 21:25:29 GMT" skipped="0">
  <testcase classname="com.dograworld.selenium.TestSelenium.ApplicationTest" name="doLogin" time="0.019"/>
</testsuite> <!-- com.dograworld.selenium.TestSelenium.ApplicationTest -->
